[NotebookApp | WARNING] No nbgrader_config.py file found (rerun with --debug to see where nbgrader is looking)
[NotebookApp | INFO] Loading the validate_assignment nbgrader serverextension
[NotebookApp | INFO] Serving notebooks from local directory: /Users/allat/Documents/github/py-icef/2-26-02
[NotebookApp | INFO] 0 active kernels
[NotebookApp | INFO] The Jupyter Notebook is running at:
[NotebookApp | INFO] http://localhost:8888/?token=0127a194c9b6b43ceff175aee0cd6767044d9dc613132518
[NotebookApp | INFO] Use Control-C to stop this server and shut down all kernels (twice to skip confirmation).
[NotebookApp | CRITICAL] 
    
    Copy/paste this URL into your browser when you connect for the first time,
    to login with a token:
        http://localhost:8888/?token=0127a194c9b6b43ceff175aee0cd6767044d9dc613132518&token=0127a194c9b6b43ceff175aee0cd6767044d9dc613132518
[NotebookApp | INFO] Accepting one-time-token-authenticated connection from ::1
[NotebookApp | INFO] Kernel started: 154c8c6b-f279-4b49-8347-678b0d8d3726
[NotebookApp | INFO] Adapting to protocol v5.1 for kernel 154c8c6b-f279-4b49-8347-678b0d8d3726
[NotebookApp | INFO] Saving file at /texts.ipynb
[NotebookApp | INFO] Saving file at /texts.ipynb
[NotebookApp | INFO] Saving file at /texts.ipynb
[NotebookApp | INFO] Saving file at /texts.ipynb
[NotebookApp | INFO] Starting buffering for 154c8c6b-f279-4b49-8347-678b0d8d3726:e9e69f84bc6648f2821d94e7be2609a6
[NotebookApp | INFO] Kernel started: 1d9ccef5-3427-450b-a8f9-2011f006c2d3
[NotebookApp | INFO] Adapting to protocol v5.1 for kernel 1d9ccef5-3427-450b-a8f9-2011f006c2d3
[NotebookApp | INFO] Saving file at /practice-2.ipynb
[NotebookApp | INFO] Saving file at /practice-2.ipynb
[NotebookApp | INFO] Starting buffering for 1d9ccef5-3427-450b-a8f9-2011f006c2d3:8883e665c4a94b7491ec617d345fe2e4
[NotebookApp | INFO] Kernel started: 5da74524-e84f-485c-a1eb-d8d57a2cd584
[NotebookApp | INFO] Adapting to protocol v5.1 for kernel 5da74524-e84f-485c-a1eb-d8d57a2cd584
[NotebookApp | INFO] Saving file at /pratice-3.ipynb
[NotebookApp | INFO] Starting buffering for 5da74524-e84f-485c-a1eb-d8d57a2cd584:28e1c5a4ed7a4d838bdcfcaf1a2c4adb
